/*C7*/SET SCHEMA PUBLIC
CONNECT USER SA
/*C8*/SET SCHEMA PUBLIC
CONNECT USER SA
/*C9*/SET SCHEMA PUBLIC
CONNECT USER SA
INSERT INTO USERS VALUES(4,'fdghj','fhjk','2000-12-27')
DISCONNECT
/*C10*/SET SCHEMA PUBLIC
CONNECT USER SA
/*C11*/SET SCHEMA PUBLIC
CONNECT USER SA
DISCONNECT
/*C12*/SET SCHEMA PUBLIC
CONNECT USER SA
DELETE FROM USERS WHERE ID=4
INSERT INTO USERS VALUES(4,'fdghj','fhjk','2003-12-27')
DISCONNECT
/*C13*/SET SCHEMA PUBLIC
CONNECT USER SA
/*C14*/SET SCHEMA PUBLIC
CONNECT USER SA
DISCONNECT
/*C13*/DISCONNECT
/*C8*/DISCONNECT
/*C10*/DISCONNECT
/*C7*/DISCONNECT
/*C15*/SET SCHEMA PUBLIC
CONNECT USER SA
DISCONNECT
/*C16*/SET SCHEMA PUBLIC
CONNECT USER SA
DELETE FROM USERS WHERE ID=4
DISCONNECT
/*C17*/SET SCHEMA PUBLIC
CONNECT USER SA
